./bin/afines: /lib64/libc.so.6: version `GLIBC_2.14' not found (required by ./bin/afines)
./bin/afines: /usr/lib64/libstdc++.so.6: version `GLIBCXX_3.4.20' not found (required by ./bin/afines)
./bin/afines: /usr/lib64/libstdc++.so.6: version `CXXABI_1.3.8' not found (required by ./bin/afines)
./bin/afines: /usr/lib64/libstdc++.so.6: version `GLIBCXX_3.4.18' not found (required by ./bin/afines)
./bin/afines: /usr/lib64/libstdc++.so.6: version `GLIBCXX_3.4.21' not found (required by ./bin/afines)
./bin/afines: /lib64/libc.so.6: version `GLIBC_2.14' not found (required by /software/boost-1.51.0-el7-x86_64/lib/libboost_unit_test_framework.so.1.51.0)
./bin/afines: /usr/lib64/libstdc++.so.6: version `GLIBCXX_3.4.20' not found (required by /software/boost-1.51.0-el7-x86_64/lib/libboost_unit_test_framework.so.1.51.0)
./bin/afines: /usr/lib64/libstdc++.so.6: version `CXXABI_1.3.9' not found (required by /software/boost-1.51.0-el7-x86_64/lib/libboost_unit_test_framework.so.1.51.0)
./bin/afines: /usr/lib64/libstdc++.so.6: version `GLIBCXX_3.4.21' not found (required by /software/boost-1.51.0-el7-x86_64/lib/libboost_unit_test_framework.so.1.51.0)
./bin/afines: /usr/lib64/libstdc++.so.6: version `GLIBCXX_3.4.15' not found (required by /software/boost-1.51.0-el7-x86_64/lib/libboost_unit_test_framework.so.1.51.0)
./bin/afines: /lib64/libc.so.6: version `GLIBC_2.14' not found (required by /software/boost-1.51.0-el7-x86_64/lib/libboost_program_options.so.1.51.0)
./bin/afines: /usr/lib64/libstdc++.so.6: version `GLIBCXX_3.4.20' not found (required by /software/boost-1.51.0-el7-x86_64/lib/libboost_program_options.so.1.51.0)
./bin/afines: /usr/lib64/libstdc++.so.6: version `CXXABI_1.3.9' not found (required by /software/boost-1.51.0-el7-x86_64/lib/libboost_program_options.so.1.51.0)
./bin/afines: /usr/lib64/libstdc++.so.6: version `GLIBCXX_3.4.21' not found (required by /software/boost-1.51.0-el7-x86_64/lib/libboost_program_options.so.1.51.0)
./bin/afines: /lib64/libc.so.6: version `GLIBC_2.14' not found (required by /software/boost-1.51.0-el7-x86_64/lib/libboost_filesystem.so.1.51.0)
./bin/afines: /usr/lib64/libstdc++.so.6: version `GLIBCXX_3.4.20' not found (required by /software/boost-1.51.0-el7-x86_64/lib/libboost_filesystem.so.1.51.0)
./bin/afines: /usr/lib64/libstdc++.so.6: version `CXXABI_1.3.8' not found (required by /software/boost-1.51.0-el7-x86_64/lib/libboost_filesystem.so.1.51.0)
./bin/afines: /usr/lib64/libstdc++.so.6: version `CXXABI_1.3.9' not found (required by /software/boost-1.51.0-el7-x86_64/lib/libboost_filesystem.so.1.51.0)
./bin/afines: /usr/lib64/libstdc++.so.6: version `GLIBCXX_3.4.21' not found (required by /software/boost-1.51.0-el7-x86_64/lib/libboost_filesystem.so.1.51.0)
./bin/afines: /usr/lib64/libstdc++.so.6: version `CXXABI_1.3.9' not found (required by /software/boost-1.51.0-el7-x86_64/lib/libboost_system.so.1.51.0)
./bin/afines: /usr/lib64/libstdc++.so.6: version `GLIBCXX_3.4.21' not found (required by /software/boost-1.51.0-el7-x86_64/lib/libboost_system.so.1.51.0)
./bin/afines: /lib64/libc.so.6: version `GLIBC_2.14' not found (required by /software/boost-1.51.0-el7-x86_64/lib/libboost_system.so.1.51.0)
